c:\users\paul\source\repos\consoleapplication1\consoleapplication1\x64\debug\consoleapplication1.pch
c:\users\paul\source\repos\consoleapplication1\consoleapplication1\x64\debug\vc141.pdb
c:\users\paul\source\repos\consoleapplication1\consoleapplication1\x64\debug\vc141.idb
c:\users\paul\source\repos\consoleapplication1\consoleapplication1\x64\debug\pch.obj
c:\users\paul\source\repos\consoleapplication1\consoleapplication1\x64\debug\consoleapplication1.obj
c:\users\paul\source\repos\consoleapplication1\x64\debug\consoleapplication1.exe
c:\users\paul\source\repos\consoleapplication1\x64\debug\consoleapplication1.ilk
c:\users\paul\source\repos\consoleapplication1\x64\debug\consoleapplication1.pdb
e:\stream app\streaming-desktop-app\c\consoleapplication1v2\consoleapplication1\x64\debug\consoleapplication1.obj
e:\stream app\streaming-desktop-app\c\consoleapplication1v2\consoleapplication1\x64\debug\pch.obj
e:\stream app\streaming-desktop-app\c\consoleapplication1v2\consoleapplication1\x64\debug\consoleapplication1.pch
e:\stream app\streaming-desktop-app\c\consoleapplication1v2\consoleapplication1\x64\debug\vc141.idb
e:\stream app\streaming-desktop-app\c\consoleapplication1v2\consoleapplication1\x64\debug\vc141.pdb
e:\stream app\streaming-desktop-app\c\consoleapplication1v2\x64\debug\consoleapplication1.pdb
e:\stream app\streaming-desktop-app\c\consoleapplication1v2\x64\debug\consoleapplication1.exe
e:\stream app\streaming-desktop-app\c\consoleapplication1v2\x64\debug\consoleapplication1.ilk
e:\stream app\streaming-desktop-app\c\consoleapplication1v2\consoleapplication1\x64\debug\consolea.168faa33.tlog\cl.command.1.tlog
e:\stream app\streaming-desktop-app\c\consoleapplication1v2\consoleapplication1\x64\debug\consolea.168faa33.tlog\cl.read.1.tlog
e:\stream app\streaming-desktop-app\c\consoleapplication1v2\consoleapplication1\x64\debug\consolea.168faa33.tlog\cl.write.1.tlog
e:\stream app\streaming-desktop-app\c\consoleapplication1v2\consoleapplication1\x64\debug\consolea.168faa33.tlog\link.command.1.tlog
e:\stream app\streaming-desktop-app\c\consoleapplication1v2\consoleapplication1\x64\debug\consolea.168faa33.tlog\link.read.1.tlog
e:\stream app\streaming-desktop-app\c\consoleapplication1v2\consoleapplication1\x64\debug\consolea.168faa33.tlog\link.write.1.tlog
